[16:03:14] [ServerMain/INFO]: [bootstrap] Running Java 24 (Java HotSpot(TM) 64-Bit Server VM 24.0.1+9-30; Oracle Corporation null) on Windows 11 10.0 (amd64)
[16:03:14] [ServerMain/INFO]: [bootstrap] Loading Paper 1.21.5-25-main@def0532 (2025-04-21T18:42:34Z) for Minecraft 1.21.5
[16:03:15] [ServerMain/INFO]: [PluginInitializerManager] Initializing plugins...
[16:03:16] [ServerMain/INFO]: [PluginInitializerManager] Initialized 1 plugin
[16:03:16] [ServerMain/INFO]: [PluginInitializerManager] Bukkit plugins (1):
 - VeinMiner (2.3.0)
[16:03:20] [ServerMain/INFO]: Environment: Environment[sessionHost=https://sessionserver.mojang.com, servicesHost=https://api.minecraftservices.com, name=PROD]
[16:03:22] [ServerMain/INFO]: Loaded 1373 recipes
[16:03:22] [ServerMain/INFO]: Loaded 1484 advancements
[16:03:22] [Server thread/INFO]: Starting minecraft server version 1.21.5
[16:03:22] [Server thread/INFO]: Loading properties
[16:03:22] [Server thread/INFO]: This server is running Paper version 1.21.5-25-main@def0532 (2025-04-21T18:42:34Z) (Implementing API version 1.21.5-R0.1-SNAPSHOT)
[16:03:22] [Server thread/INFO]: [spark] This server bundles the spark profiler. For more information please visit https://docs.papermc.io/paper/profiling
[16:03:22] [Server thread/INFO]: Using 4 threads for Netty based IO
[16:03:22] [Server thread/INFO]: Server Ping Player Sample Count: 12
[16:03:23] [Server thread/INFO]: [MoonriseCommon] Paper is using 5 worker threads, 1 I/O threads
[16:03:23] [Server thread/INFO]: [ChunkTaskScheduler] Chunk system is using population gen parallelism: true
[16:03:23] [Server thread/INFO]: Default game type: SURVIVAL
[16:03:23] [Server thread/INFO]: Generating keypair
[16:03:23] [Server thread/INFO]: Starting Minecraft server on *:25565
[16:03:23] [Server thread/INFO]: Using default channel type
[16:03:23] [Server thread/INFO]: Paper: Using Java compression from Velocity.
[16:03:23] [Server thread/INFO]: Paper: Using Java cipher from Velocity.
[16:03:23] [Server thread/INFO]: [VeinMiner] Loading server plugin VeinMiner v2.3.0
[16:03:24] [Server thread/INFO]: Server permissions file permissions.yml is empty, ignoring it
[16:03:24] [Server thread/WARN]: **** SERVER IS RUNNING IN OFFLINE/INSECURE MODE!
[16:03:24] [Server thread/WARN]: The server will make no attempt to authenticate usernames. Beware.
[16:03:24] [Server thread/WARN]: While this makes the game possible to play without internet access, it also opens up the ability for hackers to connect with any username they choose.
[16:03:24] [Server thread/WARN]: To change this, set "online-mode" to "true" in the server.properties file.
[16:03:24] [Server thread/INFO]: Preparing level "world"
[16:03:24] [Server thread/INFO]: Preparing start region for dimension minecraft:overworld
[16:03:25] [Server thread/INFO]: Preparing spawn area: 0%
[16:03:25] [Server thread/INFO]: Preparing spawn area: 0%
[16:03:25] [Server thread/INFO]: Time elapsed: 925 ms
[16:03:25] [Server thread/INFO]: Preparing start region for dimension minecraft:the_nether
[16:03:26] [Server thread/INFO]: Preparing spawn area: 0%
[16:03:26] [Server thread/INFO]: Preparing spawn area: 0%
[16:03:26] [Server thread/INFO]: Time elapsed: 510 ms
[16:03:26] [Server thread/INFO]: Preparing start region for dimension minecraft:the_end
[16:03:26] [Server thread/INFO]: Preparing spawn area: 0%
[16:03:26] [Server thread/INFO]: Time elapsed: 174 ms
[16:03:26] [Server thread/INFO]: [VeinMiner] Enabling VeinMiner v2.3.0
[16:03:26] [Server thread/INFO]: [VeinMiner] Using "sqlite" for persistent data storage.
[16:03:26] [Server thread/INFO]: [VeinMiner] Loading configuration options to local memory
[16:03:26] [Server thread/INFO]: [VeinMiner] Added 14 aliases.
[16:03:26] [Server thread/INFO]: [VeinMiner] Registered category with id "Axe" holding 6 unique items and 28 unique blocks.
[16:03:26] [Server thread/INFO]: [VeinMiner] Registered category with id "Hoe" holding 6 unique items and 12 unique blocks.
[16:03:26] [Server thread/INFO]: [VeinMiner] Registered category with id "Pickaxe" holding 6 unique items and 14 unique blocks.
[16:03:26] [Server thread/INFO]: [VeinMiner] Registered category with id "Shears" holding 1 unique items and 4 unique blocks.
[16:03:26] [Server thread/INFO]: [VeinMiner] Registered category with id "Shovel" holding 6 unique items and 10 unique blocks.
[16:03:26] [Server thread/WARN]: [VeinMiner] No block list configured for category with id "Hand"! Is this intentional?
[16:03:26] [Server thread/INFO]: [VeinMiner] Registered category with id "Hand" holding 0 unique items and 0 unique blocks.
[16:03:26] [Server thread/INFO]: [VeinMiner] Performing an update check!
[16:03:26] [Server thread/INFO]: [VeinMiner] Registering commands
[16:03:26] [Server thread/INFO]: [VeinMiner] Registering events
[16:03:26] [Server thread/INFO]: [VeinMiner] Vault not found. Economy support suspended
[16:03:26] [Server thread/INFO]: [VeinMiner] Enabling Plugin Metrics
[16:03:26] [Server thread/INFO]: [VeinMiner] Thanks for enabling Metrics! The anonymous stats are appreciated
[16:03:27] [Server thread/INFO]: [spark] Starting background profiler...
[16:03:27] [Server thread/INFO]: [spark] The async-profiler engine is not supported for your os/arch (windows11/amd64), so the built-in Java engine will be used instead.
[16:03:27] [Server thread/INFO]: Done preparing level "world" (3.154s)
[16:03:27] [Server thread/INFO]: Running delayed init tasks
[16:03:27] [Server thread/INFO]: Done (14.154s)! For help, type "help"
[16:03:27] [ForkJoinPool.commonPool-worker-1/INFO]: [VeinMiner] You are on the latest version of VeinMiner!
[16:05:24] [Server thread/INFO]: [Not Secure] [Server] hi
[16:06:01] [User Authenticator #0/INFO]: UUID of player BED_BAT_MAN is 90b7f0a8-8bac-30f7-9e15-a1657c141e59
[16:06:02] [Server thread/INFO]: BED_BAT_MAN joined the game
[16:06:02] [Server thread/INFO]: BED_BAT_MAN[/127.0.0.1:50247] logged in with entity id 346 at ([world]-550.2603968646613, 69.0, 1114.3490460678017)
[16:17:03] [Server thread/INFO]: Villager Villager['Villager'/1878, uuid='33cf60d6-f956-4a7f-a07f-881cdfebee65', l='ServerLevel[world]', x=-553.15, y=67.04, z=1092.15, cpos=[-35, 68], tl=11210, v=true] died, message: 'Villager was slain by BED_BAT_MAN'
[16:17:04] [Server thread/INFO]: Villager Villager['Villager'/113, uuid='bdd64754-5fac-4071-a8f0-e7903f2efa6e', l='ServerLevel[world]', x=-553.38, y=67.05, z=1092.31, cpos=[-35, 68], tl=13222, v=true] died, message: 'Villager was slain by BED_BAT_MAN'
[16:17:04] [Server thread/INFO]: Villager Villager['Villager'/114, uuid='9ac89a01-91bd-4206-bba0-ff4769ec4fea', l='ServerLevel[world]', x=-554.04, y=67.05, z=1092.32, cpos=[-35, 68], tl=13222, v=true] died, message: 'Villager was slain by BED_BAT_MAN'
[16:17:06] [Server thread/INFO]: Villager Villager['Villager'/105, uuid='5f7e41bf-d79a-4f98-8bb0-42803e5f1b4e', l='ServerLevel[world]', x=-553.30, y=67.04, z=1092.30, cpos=[-35, 68], tl=13261, v=true] died, message: 'Villager was slain by BED_BAT_MAN'
[16:17:06] [Server thread/INFO]: Villager Villager['Villager'/104, uuid='deacd892-723f-47f4-968e-071314957ebf', l='ServerLevel[world]', x=-553.88, y=67.05, z=1092.69, cpos=[-35, 68], tl=13261, v=true] died, message: 'Villager was slain by BED_BAT_MAN'
[16:17:08] [Server thread/INFO]: Villager Villager['Villager'/115, uuid='f0f40a64-ad29-48f2-b91c-9f0b9429f8e8', l='ServerLevel[world]', x=-553.30, y=67.05, z=1092.70, cpos=[-35, 68], tl=13297, v=true] died, message: 'Villager was slain by BED_BAT_MAN'
[16:17:23] [Server thread/INFO]: Villager Villager['Villager'/111, uuid='c2b87884-15f7-4136-a0f0-b1de121e0381', l='ServerLevel[world]', x=-553.30, y=67.04, z=1092.38, cpos=[-35, 68], tl=13591, v=true] died, message: 'Villager was slain by BED_BAT_MAN'
[16:17:51] [Server thread/INFO]: BED_BAT_MAN lost connection: Disconnected
[16:17:51] [Server thread/INFO]: BED_BAT_MAN left the game
[16:18:20] [Server thread/INFO]: Stopping the server
[16:18:20] [Server thread/INFO]: Stopping server
[16:18:20] [Server thread/INFO]: [VeinMiner] Disabling VeinMiner v2.3.0
[16:18:20] [Server thread/INFO]: [VeinMiner] Clearing localized data
[16:18:20] [Server thread/INFO]: Saving players
[16:18:20] [Server thread/INFO]: Saving worlds
[16:18:20] [Server thread/INFO]: Saving chunks for level 'ServerLevel[world]'/minecraft:overworld
[16:18:20] [Server thread/INFO]: [ChunkHolderManager] Waiting 60s for chunk system to halt for world 'world'
[16:18:20] [Server thread/INFO]: [ChunkHolderManager] Halted chunk system for world 'world'
[16:18:20] [Server thread/INFO]: [ChunkHolderManager] Saving all chunkholders for world 'world'
[16:18:20] [Server thread/INFO]: [ChunkHolderManager] Saved 56 block chunks, 205 entity chunks, 2 poi chunks in world 'world' in 0.09s
[16:18:20] [Server thread/INFO]: [ChunkHolderManager] Waiting 60s for chunk I/O to halt for world 'world'
[16:18:20] [Server thread/INFO]: [ChunkHolderManager] Halted I/O scheduler for world 'world'
[16:18:20] [Server thread/INFO]: Saving chunks for level 'ServerLevel[world_nether]'/minecraft:the_nether
[16:18:20] [Server thread/INFO]: [ChunkHolderManager] Waiting 60s for chunk system to halt for world 'world_nether'
[16:18:20] [Server thread/INFO]: [ChunkHolderManager] Halted chunk system for world 'world_nether'
[16:18:20] [Server thread/INFO]: [ChunkHolderManager] Saving all chunkholders for world 'world_nether'
[16:18:20] [Server thread/INFO]: [ChunkHolderManager] Saved 16 block chunks, 16 entity chunks, 0 poi chunks in world 'world_nether' in 0.03s
[16:18:20] [Server thread/INFO]: [ChunkHolderManager] Waiting 60s for chunk I/O to halt for world 'world_nether'
[16:18:20] [Server thread/INFO]: [ChunkHolderManager] Halted I/O scheduler for world 'world_nether'
[16:18:20] [Server thread/INFO]: Saving chunks for level 'ServerLevel[world_the_end]'/minecraft:the_end
[16:18:20] [Server thread/INFO]: [ChunkHolderManager] Waiting 60s for chunk system to halt for world 'world_the_end'
[16:18:20] [Server thread/INFO]: [ChunkHolderManager] Halted chunk system for world 'world_the_end'
[16:18:20] [Server thread/INFO]: [ChunkHolderManager] Saving all chunkholders for world 'world_the_end'
[16:18:20] [Server thread/INFO]: [ChunkHolderManager] Saved 0 block chunks, 10 entity chunks, 0 poi chunks in world 'world_the_end' in 0.01s
[16:18:20] [Server thread/INFO]: [ChunkHolderManager] Waiting 60s for chunk I/O to halt for world 'world_the_end'
[16:18:20] [Server thread/INFO]: [ChunkHolderManager] Halted I/O scheduler for world 'world_the_end'
[16:18:20] [Server thread/INFO]: ThreadedAnvilChunkStorage (world): All chunks are saved
[16:18:20] [Server thread/INFO]: ThreadedAnvilChunkStorage (DIM-1): All chunks are saved
[16:18:20] [Server thread/INFO]: ThreadedAnvilChunkStorage (DIM1): All chunks are saved
[16:18:20] [Server thread/INFO]: ThreadedAnvilChunkStorage: All dimensions are saved
[16:18:20] [Server thread/INFO]: Waiting for all RegionFile I/O tasks to complete...
[16:18:20] [Server thread/INFO]: All RegionFile I/O tasks to complete
[16:18:20] [Server thread/INFO]: [MoonriseCommon] Awaiting termination of worker pool for up to 60s...
[16:18:20] [Server thread/INFO]: [MoonriseCommon] Awaiting termination of I/O pool for up to 60s...
